{
  "RSpec": {
    "coverage": {
      "/Users/lambo/turing/work/2mod/projects/fiction_fountain_rb/fiction_fountain/config/environment.rb": {
        "lines": [
          null,
          1,
          null,
          null,
          1
        ]
      },
      "/Users/lambo/turing/work/2mod/projects/fiction_fountain_rb/fiction_fountain/config/application.rb": {
        "lines": [
          1,
          null,
          1,
          null,
          1,
          1,
          1,
          1,
          1,
          1,
          1,
          1,
          1,
          1,
          null,
          null,
          null,
          null,
          1,
          null,
          1,
          1,
          null,
          1,
          null,
          null,
          null,
          null,
          null,
          null,
          null,
          null,
          null,
          null,
          1,
          null,
          null
        ]
      },
      "/Users/lambo/turing/work/2mod/projects/fiction_fountain_rb/fiction_fountain/config/boot.rb": {
        "lines": [
          1,
          null,
          1,
          1
        ]
      },
      "/Users/lambo/turing/work/2mod/projects/fiction_fountain_rb/fiction_fountain/config/environments/test.rb": {
        "lines": [
          1,
          null,
          null,
          null,
          null,
          null,
          null,
          1,
          null,
          null,
          null,
          1,
          null,
          null,
          null,
          null,
          1,
          null,
          null,
          1,
          1,
          null,
          null,
          null,
          null,
          1,
          1,
          1,
          null,
          null,
          1,
          null,
          null,
          1,
          null,
          null,
          1,
          null,
          1,
          null,
          null,
          null,
          null,
          1,
          null,
          null,
          1,
          null,
          null,
          1,
          null,
          null,
          1,
          null,
          null,
          null,
          null,
          null,
          null,
          null
        ]
      },
      "/Users/lambo/turing/work/2mod/projects/fiction_fountain_rb/fiction_fountain/config/initializers/assets.rb": {
        "lines": [
          null,
          null,
          null,
          1,
          null,
          null,
          null,
          null,
          null,
          null,
          null,
          null
        ]
      },
      "/Users/lambo/turing/work/2mod/projects/fiction_fountain_rb/fiction_fountain/config/initializers/content_security_policy.rb": {
        "lines": [
          null,
          null,
          null,
          null,
          null,
          null,
          null,
          null,
          null,
          null,
          null,
          null,
          null,
          null,
          null,
          null,
          null,
          null,
          null,
          null,
          null,
          null,
          null,
          null,
          null
        ]
      },
      "/Users/lambo/turing/work/2mod/projects/fiction_fountain_rb/fiction_fountain/config/initializers/filter_parameter_logging.rb": {
        "lines": [
          null,
          null,
          null,
          null,
          null,
          1,
          null,
          null
        ]
      },
      "/Users/lambo/turing/work/2mod/projects/fiction_fountain_rb/fiction_fountain/config/initializers/inflections.rb": {
        "lines": [
          null,
          null,
          null,
          null,
          null,
          null,
          null,
          null,
          null,
          null,
          null,
          null,
          null,
          null,
          null,
          null
        ]
      },
      "/Users/lambo/turing/work/2mod/projects/fiction_fountain_rb/fiction_fountain/config/initializers/permissions_policy.rb": {
        "lines": [
          null,
          null,
          null,
          null,
          null,
          null,
          null,
          null,
          null,
          null,
          null
        ]
      },
      "/Users/lambo/turing/work/2mod/projects/fiction_fountain_rb/fiction_fountain/config/routes.rb": {
        "lines": [
          1,
          null,
          null,
          null,
          null,
          1,
          1,
          1,
          1,
          1,
          null
        ]
      },
      "/Users/lambo/turing/work/2mod/projects/fiction_fountain_rb/fiction_fountain/app/helpers/application_helper.rb": {
        "lines": [
          1,
          null
        ]
      },
      "/Users/lambo/turing/work/2mod/projects/fiction_fountain_rb/fiction_fountain/app/models/Image.rb": {
        "lines": [
          1,
          1,
          null
        ]
      },
      "/Users/lambo/turing/work/2mod/projects/fiction_fountain_rb/fiction_fountain/app/models/application_record.rb": {
        "lines": [
          1,
          1,
          null
        ]
      },
      "/Users/lambo/turing/work/2mod/projects/fiction_fountain_rb/fiction_fountain/spec/models/story_spec.rb": {
        "lines": [
          1,
          null,
          1,
          1,
          2,
          null,
          null
        ]
      },
      "/Users/lambo/turing/work/2mod/projects/fiction_fountain_rb/fiction_fountain/app/models/story.rb": {
        "lines": [
          1,
          1,
          null
        ]
      },
      "/Users/lambo/turing/work/2mod/projects/fiction_fountain_rb/fiction_fountain/spec/models/user_spec.rb": {
        "lines": [
          1,
          null,
          1,
          1,
          2,
          2,
          null,
          null
        ]
      },
      "/Users/lambo/turing/work/2mod/projects/fiction_fountain_rb/fiction_fountain/app/models/user.rb": {
        "lines": [
          1,
          1,
          1,
          null
        ]
      }
    },
    "timestamp": 1703781467
  }
}
